-------------------------------------------------------------------------------
Test set: step_definitions.RunCucumberTest
-------------------------------------------------------------------------------
Tests run: 2, Failures: 0, Errors: 2, Skipped: 0, Time elapsed: 21.843 s <<< FAILURE! - in step_definitions.RunCucumberTest
Search an specific product(See details of a product)  Time elapsed: 21.342 s  <<< ERROR!
org.openqa.selenium.TimeoutException: Expected condition failed: waiting for visibility of element located by By.xpath: //div[@class = 'product-container']//a[@class = 'product-name'] (tried for 15 second(s) with 500 milliseconds interval)
Caused by: org.openqa.selenium.NoSuchElementException: 
Unable to locate element: //div[@class = 'product-container']//a[@class = 'product-name']
For documentation on this error, please visit: https://www.seleniumhq.org/exceptions/no_such_element.html
Build info: version: '3.141.59', revision: 'e82be7d358', time: '2018-11-14T08:17:03'
System info: host: 'DESKTOP-AJU29UT', ip: '172.21.0.187', os.name: 'Windows 10', os.arch: 'amd64', os.version: '10.0', java.version: '1.8.0_221'
Driver info: org.openqa.selenium.firefox.FirefoxDriver
Capabilities {acceptInsecureCerts: true, browserName: firefox, browserVersion: 71.0, javascriptEnabled: true, moz:accessibilityChecks: false, moz:buildID: 20191202093317, moz:geckodriverVersion: 0.26.0, moz:headless: false, moz:processID: 17108, moz:profile: C:\Users\ZUPPER\AppData\Loc..., moz:shutdownTimeout: 60000, moz:useNonSpecCompliantPointerOrigin: false, moz:webdriverClick: true, pageLoadStrategy: normal, platform: WINDOWS, platformName: WINDOWS, platformVersion: 10.0, rotatable: false, setWindowRect: true, strictFileInteractability: false, timeouts: {implicit: 0, pageLoad: 300000, script: 30000}, unhandledPromptBehavior: dismiss and notify}
Session ID: 5c574b43-2807-44b8-8014-5fa14598f10b
*** Element info: {Using=xpath, value=//div[@class = 'product-container']//a[@class = 'product-name']}

Search an specific product(See details of a product)  Time elapsed: 21.345 s  <<< ERROR!
cucumber.runtime.AmbiguousStepDefinitionsException: 
"shows a description of the amount of results founded" matches more than one step definition:
  "^shows a description of the (.*)$" in YourLogoSteps.showsDescriptionSearch(String)
  "^shows a description of the amount of results founded$" in YourLogoSteps.showsDescriptionCount()


